[2024-05-04 20:29:38,569][flwr][INFO] - Starting Flower simulation, config: num_rounds=5, no round_timeout
[2024-05-04 20:29:44,212][flwr][INFO] - Flower VCE: Ray initialized with resources: {'node:__internal_head__': 1.0, 'memory': 1101302171.0, 'node:127.0.0.1': 1.0, 'object_store_memory': 550651084.0, 'CPU': 8.0}
[2024-05-04 20:29:44,212][flwr][INFO] - Optimize your simulation with Flower VCE: https://flower.ai/docs/framework/how-to-run-simulations.html
[2024-05-04 20:29:44,212][flwr][INFO] - Flower VCE: Resources for each Virtual Client: {'num_cpus': 2, 'num_gpus': 0.0}
[2024-05-04 20:29:44,248][flwr][INFO] - Flower VCE: Creating VirtualClientEngineActorPool with 4 actors
[2024-05-04 20:29:44,250][flwr][INFO] - [INIT]
[2024-05-04 20:29:44,251][flwr][INFO] - Requesting initial parameters from one random client
[2024-05-04 20:29:51,089][flwr][INFO] - Received initial parameters from one random client
[2024-05-04 20:29:51,089][flwr][INFO] - Evaluating initial global parameters
[2024-05-04 20:29:55,422][flwr][INFO] - initial parameters (loss, other metrics): 182.07173323631287, {'accuracy': 0.1}
[2024-05-04 20:29:55,422][flwr][INFO] - 
[2024-05-04 20:29:55,422][flwr][INFO] - [ROUND 1]
[2024-05-04 20:29:55,422][flwr][INFO] - configure_fit: strategy sampled 5 clients (out of 5)
[2024-05-04 20:30:24,983][flwr][INFO] - aggregate_fit: received 5 results and 0 failures
[2024-05-04 20:30:24,998][flwr][WARNING] - No fit_metrics_aggregation_fn provided
[2024-05-04 20:30:30,429][flwr][INFO] - fit progress: (1, 146.4495586156845, {'accuracy': 0.3149}, 35.005018500000006)
[2024-05-04 20:30:30,429][flwr][INFO] - configure_evaluate: strategy sampled 5 clients (out of 5)
[2024-05-04 20:30:37,195][flwr][INFO] - aggregate_evaluate: received 5 results and 0 failures
[2024-05-04 20:30:37,195][flwr][WARNING] - No evaluate_metrics_aggregation_fn provided
[2024-05-04 20:30:37,195][flwr][INFO] - 
[2024-05-04 20:30:37,195][flwr][INFO] - [ROUND 2]
[2024-05-04 20:30:37,195][flwr][INFO] - configure_fit: strategy sampled 5 clients (out of 5)
[2024-05-04 20:31:02,030][flwr][INFO] - aggregate_fit: received 5 results and 0 failures
[2024-05-04 20:31:06,997][flwr][INFO] - fit progress: (2, 125.30437815189362, {'accuracy': 0.4264}, 71.58024110000002)
[2024-05-04 20:31:06,997][flwr][INFO] - configure_evaluate: strategy sampled 5 clients (out of 5)
[2024-05-04 20:31:13,750][flwr][INFO] - aggregate_evaluate: received 5 results and 0 failures
[2024-05-04 20:31:13,766][flwr][INFO] - 
[2024-05-04 20:31:13,766][flwr][INFO] - [ROUND 3]
[2024-05-04 20:31:13,767][flwr][INFO] - configure_fit: strategy sampled 5 clients (out of 5)
[2024-05-04 20:31:36,221][flwr][INFO] - aggregate_fit: received 5 results and 0 failures
[2024-05-04 20:31:41,388][flwr][INFO] - fit progress: (3, 116.7255437374115, {'accuracy': 0.4701}, 105.97299780000003)
[2024-05-04 20:31:41,388][flwr][INFO] - configure_evaluate: strategy sampled 5 clients (out of 5)
[2024-05-04 20:31:48,130][flwr][INFO] - aggregate_evaluate: received 5 results and 0 failures
[2024-05-04 20:31:48,130][flwr][INFO] - 
[2024-05-04 20:31:48,130][flwr][INFO] - [ROUND 4]
[2024-05-04 20:31:48,130][flwr][INFO] - configure_fit: strategy sampled 5 clients (out of 5)
[2024-05-04 20:32:10,887][flwr][INFO] - aggregate_fit: received 5 results and 0 failures
[2024-05-04 20:32:15,502][flwr][INFO] - fit progress: (4, 111.67719650268555, {'accuracy': 0.489}, 140.0740996)
[2024-05-04 20:32:15,503][flwr][INFO] - configure_evaluate: strategy sampled 5 clients (out of 5)
[2024-05-04 20:32:22,378][flwr][INFO] - aggregate_evaluate: received 5 results and 0 failures
[2024-05-04 20:32:22,378][flwr][INFO] - 
[2024-05-04 20:32:22,378][flwr][INFO] - [ROUND 5]
[2024-05-04 20:32:22,392][flwr][INFO] - configure_fit: strategy sampled 5 clients (out of 5)
[2024-05-04 20:32:49,341][flwr][INFO] - aggregate_fit: received 5 results and 0 failures
[2024-05-04 20:32:54,305][flwr][INFO] - fit progress: (5, 104.76501142978668, {'accuracy': 0.5237}, 178.88580860000002)
[2024-05-04 20:32:54,305][flwr][INFO] - configure_evaluate: strategy sampled 5 clients (out of 5)
[2024-05-04 20:33:01,530][flwr][INFO] - aggregate_evaluate: received 5 results and 0 failures
[2024-05-04 20:33:01,530][flwr][INFO] - 
[2024-05-04 20:33:01,530][flwr][INFO] - [SUMMARY]
[2024-05-04 20:33:01,530][flwr][INFO] - Run finished 5 rounds in 186.11s
[2024-05-04 20:33:01,530][flwr][INFO] - History (loss, distributed):
[2024-05-04 20:33:01,530][flwr][INFO] - 	('\tround 1: 93.1663825750351\n'
[2024-05-04 20:33:01,530][flwr][INFO] - 	 '\tround 2: 79.89620797634124\n'
[2024-05-04 20:33:01,547][flwr][INFO] - 	 '\tround 3: 73.92080804109574\n'
[2024-05-04 20:33:01,548][flwr][INFO] - 	 '\tround 4: 70.39085831642151\n'
[2024-05-04 20:33:01,548][flwr][INFO] - 	 '\tround 5: 66.4888402223587\n')History (loss, centralized):
[2024-05-04 20:33:01,549][flwr][INFO] - 	('\tround 0: 182.07173323631287\n'
[2024-05-04 20:33:01,551][flwr][INFO] - 	 '\tround 1: 146.4495586156845\n'
[2024-05-04 20:33:01,551][flwr][INFO] - 	 '\tround 2: 125.30437815189362\n'
[2024-05-04 20:33:01,552][flwr][INFO] - 	 '\tround 3: 116.7255437374115\n'
[2024-05-04 20:33:01,553][flwr][INFO] - 	 '\tround 4: 111.67719650268555\n'
[2024-05-04 20:33:01,553][flwr][INFO] - 	 '\tround 5: 104.76501142978668\n')History (metrics, centralized):
[2024-05-04 20:33:01,553][flwr][INFO] - 	{'accuracy': [(0, 0.1),
[2024-05-04 20:33:01,553][flwr][INFO] - 	              (1, 0.3149),
[2024-05-04 20:33:01,556][flwr][INFO] - 	              (2, 0.4264),
[2024-05-04 20:33:01,557][flwr][INFO] - 	              (3, 0.4701),
[2024-05-04 20:33:01,558][flwr][INFO] - 	              (4, 0.489),
[2024-05-04 20:33:01,559][flwr][INFO] - 	              (5, 0.5237)]}
[2024-05-04 20:33:01,560][flwr][INFO] - 
