[2024-05-04 18:54:04,902][flwr][WARNING] - 
Setting `min_available_clients` lower than `min_fit_clients` or
`min_evaluate_clients` can cause the server to fail when there are too few clients
connected to the server. `min_available_clients` must be set to a value larger
than or equal to the values of `min_fit_clients` and `min_evaluate_clients`.

[2024-05-04 18:54:04,917][flwr][INFO] - Starting Flower simulation, config: num_rounds=5, no round_timeout
[2024-05-04 18:54:12,388][flwr][INFO] - Flower VCE: Ray initialized with resources: {'memory': 1043627214.0, 'node:127.0.0.1': 1.0, 'object_store_memory': 521813606.0, 'node:__internal_head__': 1.0, 'CPU': 8.0}
[2024-05-04 18:54:12,388][flwr][INFO] - Optimize your simulation with Flower VCE: https://flower.ai/docs/framework/how-to-run-simulations.html
[2024-05-04 18:54:12,388][flwr][INFO] - Flower VCE: Resources for each Virtual Client: {'num_cpus': 1, 'num_gpus': 0.0}
[2024-05-04 18:54:12,437][flwr][INFO] - Flower VCE: Creating VirtualClientEngineActorPool with 8 actors
[2024-05-04 18:54:12,439][flwr][INFO] - [INIT]
[2024-05-04 18:54:12,440][flwr][INFO] - Requesting initial parameters from one random client
[2024-05-04 18:54:24,091][flwr][INFO] - Received initial parameters from one random client
[2024-05-04 18:54:24,091][flwr][INFO] - Evaluating initial global parameters
[2024-05-04 18:54:28,685][flwr][INFO] - initial parameters (loss, other metrics): 182.1387755870819, {'accuracy': 0.1308}
[2024-05-04 18:54:28,685][flwr][INFO] - 
[2024-05-04 18:54:28,685][flwr][INFO] - [ROUND 1]
[2024-05-04 18:54:28,685][flwr][INFO] - Sampling failed: number of available clients (5) is less than number of requested clients (10).
[2024-05-04 18:54:28,685][flwr][INFO] - configure_fit: no clients selected, cancel
[2024-05-04 18:54:33,174][flwr][INFO] - fit progress: (1, 182.1387755870819, {'accuracy': 0.1308}, 4.487590000004275)
[2024-05-04 18:54:33,174][flwr][INFO] - configure_evaluate: no clients selected, skipping evaluation
[2024-05-04 18:54:33,174][flwr][INFO] - 
[2024-05-04 18:54:33,174][flwr][INFO] - [ROUND 2]
[2024-05-04 18:54:33,174][flwr][INFO] - Sampling failed: number of available clients (5) is less than number of requested clients (10).
[2024-05-04 18:54:33,174][flwr][INFO] - configure_fit: no clients selected, cancel
[2024-05-04 18:54:37,306][flwr][INFO] - fit progress: (2, 182.1387755870819, {'accuracy': 0.1308}, 8.622477299999446)
[2024-05-04 18:54:37,306][flwr][INFO] - configure_evaluate: no clients selected, skipping evaluation
[2024-05-04 18:54:37,306][flwr][INFO] - 
[2024-05-04 18:54:37,306][flwr][INFO] - [ROUND 3]
[2024-05-04 18:54:37,306][flwr][INFO] - Sampling failed: number of available clients (5) is less than number of requested clients (10).
[2024-05-04 18:54:37,306][flwr][INFO] - configure_fit: no clients selected, cancel
[2024-05-04 18:54:41,455][flwr][INFO] - fit progress: (3, 182.1387755870819, {'accuracy': 0.1308}, 12.775235599998268)
[2024-05-04 18:54:41,471][flwr][INFO] - configure_evaluate: no clients selected, skipping evaluation
[2024-05-04 18:54:41,471][flwr][INFO] - 
[2024-05-04 18:54:41,471][flwr][INFO] - [ROUND 4]
[2024-05-04 18:54:41,471][flwr][INFO] - Sampling failed: number of available clients (5) is less than number of requested clients (10).
[2024-05-04 18:54:41,471][flwr][INFO] - configure_fit: no clients selected, cancel
[2024-05-04 18:54:45,640][flwr][INFO] - fit progress: (4, 182.1387755870819, {'accuracy': 0.1308}, 16.953891600001953)
[2024-05-04 18:54:45,650][flwr][INFO] - configure_evaluate: no clients selected, skipping evaluation
[2024-05-04 18:54:45,650][flwr][INFO] - 
[2024-05-04 18:54:45,651][flwr][INFO] - [ROUND 5]
[2024-05-04 18:54:45,651][flwr][INFO] - Sampling failed: number of available clients (5) is less than number of requested clients (10).
[2024-05-04 18:54:45,651][flwr][INFO] - configure_fit: no clients selected, cancel
[2024-05-04 18:54:49,826][flwr][INFO] - fit progress: (5, 182.1387755870819, {'accuracy': 0.1308}, 21.144724400000996)
[2024-05-04 18:54:49,826][flwr][INFO] - configure_evaluate: no clients selected, skipping evaluation
[2024-05-04 18:54:49,842][flwr][INFO] - 
[2024-05-04 18:54:49,842][flwr][INFO] - [SUMMARY]
[2024-05-04 18:54:49,843][flwr][INFO] - Run finished 5 rounds in 21.15s
[2024-05-04 18:54:49,844][flwr][INFO] - History (loss, centralized):
[2024-05-04 18:54:49,845][flwr][INFO] - 	('\tround 0: 182.1387755870819\n'
[2024-05-04 18:54:49,845][flwr][INFO] - 	 '\tround 1: 182.1387755870819\n'
[2024-05-04 18:54:49,846][flwr][INFO] - 	 '\tround 2: 182.1387755870819\n'
[2024-05-04 18:54:49,847][flwr][INFO] - 	 '\tround 3: 182.1387755870819\n'
[2024-05-04 18:54:49,848][flwr][INFO] - 	 '\tround 4: 182.1387755870819\n'
[2024-05-04 18:54:49,848][flwr][INFO] - 	 '\tround 5: 182.1387755870819\n')History (metrics, centralized):
[2024-05-04 18:54:49,849][flwr][INFO] - 	{'accuracy': [(0, 0.1308),
[2024-05-04 18:54:49,850][flwr][INFO] - 	              (1, 0.1308),
[2024-05-04 18:54:49,850][flwr][INFO] - 	              (2, 0.1308),
[2024-05-04 18:54:49,851][flwr][INFO] - 	              (3, 0.1308),
[2024-05-04 18:54:49,851][flwr][INFO] - 	              (4, 0.1308),
[2024-05-04 18:54:49,852][flwr][INFO] - 	              (5, 0.1308)]}
[2024-05-04 18:54:49,853][flwr][INFO] - 
