[2024-05-04 20:06:13,365][flwr][INFO] - Starting Flower simulation, config: num_rounds=5, no round_timeout
[2024-05-04 20:06:25,889][flwr][INFO] - Flower VCE: Ray initialized with resources: {'node:__internal_head__': 1.0, 'object_store_memory': 681877094.0, 'node:127.0.0.1': 1.0, 'memory': 1363754190.0, 'CPU': 8.0}
[2024-05-04 20:06:25,889][flwr][INFO] - Optimize your simulation with Flower VCE: https://flower.ai/docs/framework/how-to-run-simulations.html
[2024-05-04 20:06:25,889][flwr][INFO] - No `client_resources` specified. Using minimal resources for clients.
[2024-05-04 20:06:25,889][flwr][INFO] - Flower VCE: Resources for each Virtual Client: {'num_cpus': 1, 'num_gpus': 0.0}
[2024-05-04 20:06:25,925][flwr][INFO] - Flower VCE: Creating VirtualClientEngineActorPool with 8 actors
[2024-05-04 20:06:25,927][flwr][INFO] - [INIT]
[2024-05-04 20:06:25,927][flwr][INFO] - Requesting initial parameters from one random client
[2024-05-04 20:06:34,850][flwr][INFO] - Received initial parameters from one random client
[2024-05-04 20:06:34,866][flwr][INFO] - Evaluating initial global parameters
[2024-05-04 20:06:39,593][flwr][INFO] - initial parameters (loss, other metrics): 182.06339311599731, {'accuracy': 0.0818}
[2024-05-04 20:06:39,593][flwr][INFO] - 
[2024-05-04 20:06:39,593][flwr][INFO] - [ROUND 1]
[2024-05-04 20:06:39,609][flwr][INFO] - configure_fit: strategy sampled 5 clients (out of 5)
[2024-05-04 20:07:07,440][flwr][INFO] - aggregate_fit: received 5 results and 0 failures
[2024-05-04 20:07:07,463][flwr][WARNING] - No fit_metrics_aggregation_fn provided
[2024-05-04 20:07:12,530][flwr][INFO] - fit progress: (1, 135.97455847263336, {'accuracy': 0.362}, 32.92428920000384)
[2024-05-04 20:07:12,530][flwr][INFO] - configure_evaluate: strategy sampled 5 clients (out of 5)
[2024-05-04 20:07:32,697][flwr][INFO] - aggregate_evaluate: received 5 results and 0 failures
[2024-05-04 20:07:32,699][flwr][WARNING] - No evaluate_metrics_aggregation_fn provided
[2024-05-04 20:07:32,701][flwr][INFO] - 
[2024-05-04 20:07:32,701][flwr][INFO] - [ROUND 2]
[2024-05-04 20:07:32,702][flwr][INFO] - configure_fit: strategy sampled 5 clients (out of 5)
[2024-05-04 20:08:00,649][flwr][INFO] - aggregate_fit: received 5 results and 0 failures
[2024-05-04 20:08:05,599][flwr][INFO] - fit progress: (2, 121.18591129779816, {'accuracy': 0.441}, 85.99590490000264)
[2024-05-04 20:08:05,599][flwr][INFO] - configure_evaluate: strategy sampled 5 clients (out of 5)
[2024-05-04 20:08:23,391][flwr][INFO] - aggregate_evaluate: received 5 results and 0 failures
[2024-05-04 20:08:23,407][flwr][INFO] - 
[2024-05-04 20:08:23,407][flwr][INFO] - [ROUND 3]
[2024-05-04 20:08:23,407][flwr][INFO] - configure_fit: strategy sampled 5 clients (out of 5)
