[2024-05-04 18:47:12,426][flwr][WARNING] - 
Setting `min_available_clients` lower than `min_fit_clients` or
`min_evaluate_clients` can cause the server to fail when there are too few clients
connected to the server. `min_available_clients` must be set to a value larger
than or equal to the values of `min_fit_clients` and `min_evaluate_clients`.

[2024-05-04 18:47:12,426][flwr][INFO] - Starting Flower simulation, config: num_rounds=5, no round_timeout
[2024-05-04 18:47:23,657][flwr][INFO] - Flower VCE: Ray initialized with resources: {'node:__internal_head__': 1.0, 'node:127.0.0.1': 1.0, 'object_store_memory': 494540390.0, 'memory': 989080782.0, 'CPU': 8.0}
[2024-05-04 18:47:23,657][flwr][INFO] - Optimize your simulation with Flower VCE: https://flower.ai/docs/framework/how-to-run-simulations.html
[2024-05-04 18:47:23,657][flwr][INFO] - Flower VCE: Resources for each Virtual Client: {'num_cpus': 1, 'num_gpus': 0.0}
[2024-05-04 18:47:23,689][flwr][INFO] - Flower VCE: Creating VirtualClientEngineActorPool with 8 actors
[2024-05-04 18:47:23,689][flwr][INFO] - [INIT]
[2024-05-04 18:47:23,689][flwr][INFO] - Requesting initial parameters from one random client
[2024-05-04 18:47:37,442][flwr][INFO] - Received initial parameters from one random client
[2024-05-04 18:47:37,442][flwr][INFO] - Evaluating initial global parameters
[2024-05-04 18:47:41,586][flwr][INFO] - initial parameters (loss, other metrics): 181.92052817344666, {'accuracy': 0.1}
[2024-05-04 18:47:41,586][flwr][INFO] - 
[2024-05-04 18:47:41,586][flwr][INFO] - [ROUND 1]
[2024-05-04 18:47:41,586][flwr][INFO] - Sampling failed: number of available clients (5) is less than number of requested clients (10).
[2024-05-04 18:47:41,586][flwr][INFO] - configure_fit: no clients selected, cancel
[2024-05-04 18:47:45,654][flwr][INFO] - fit progress: (1, 181.92052817344666, {'accuracy': 0.1}, 4.066781599991373)
[2024-05-04 18:47:45,654][flwr][INFO] - configure_evaluate: no clients selected, skipping evaluation
[2024-05-04 18:47:45,654][flwr][INFO] - 
[2024-05-04 18:47:45,654][flwr][INFO] - [ROUND 2]
[2024-05-04 18:47:45,654][flwr][INFO] - Sampling failed: number of available clients (5) is less than number of requested clients (10).
[2024-05-04 18:47:45,654][flwr][INFO] - configure_fit: no clients selected, cancel
[2024-05-04 18:47:49,751][flwr][INFO] - fit progress: (2, 181.92052817344666, {'accuracy': 0.1}, 8.151824300002772)
[2024-05-04 18:47:49,751][flwr][INFO] - configure_evaluate: no clients selected, skipping evaluation
[2024-05-04 18:47:49,751][flwr][INFO] - 
[2024-05-04 18:47:49,751][flwr][INFO] - [ROUND 3]
[2024-05-04 18:47:49,751][flwr][INFO] - Sampling failed: number of available clients (5) is less than number of requested clients (10).
[2024-05-04 18:47:49,751][flwr][INFO] - configure_fit: no clients selected, cancel
[2024-05-04 18:47:53,823][flwr][INFO] - fit progress: (3, 181.92052817344666, {'accuracy': 0.1}, 12.240141599992057)
[2024-05-04 18:47:53,839][flwr][INFO] - configure_evaluate: no clients selected, skipping evaluation
[2024-05-04 18:47:53,839][flwr][INFO] - 
[2024-05-04 18:47:53,839][flwr][INFO] - [ROUND 4]
[2024-05-04 18:47:53,839][flwr][INFO] - Sampling failed: number of available clients (5) is less than number of requested clients (10).
[2024-05-04 18:47:53,839][flwr][INFO] - configure_fit: no clients selected, cancel
[2024-05-04 18:47:57,929][flwr][INFO] - fit progress: (4, 181.92052817344666, {'accuracy': 0.1}, 16.334668099996634)
[2024-05-04 18:47:57,929][flwr][INFO] - configure_evaluate: no clients selected, skipping evaluation
[2024-05-04 18:47:57,929][flwr][INFO] - 
[2024-05-04 18:47:57,929][flwr][INFO] - [ROUND 5]
[2024-05-04 18:47:57,929][flwr][INFO] - Sampling failed: number of available clients (5) is less than number of requested clients (10).
[2024-05-04 18:47:57,929][flwr][INFO] - configure_fit: no clients selected, cancel
[2024-05-04 18:48:02,064][flwr][INFO] - fit progress: (5, 181.92052817344666, {'accuracy': 0.1}, 20.467545999999857)
[2024-05-04 18:48:02,064][flwr][INFO] - configure_evaluate: no clients selected, skipping evaluation
[2024-05-04 18:48:02,064][flwr][INFO] - 
[2024-05-04 18:48:02,064][flwr][INFO] - [SUMMARY]
[2024-05-04 18:48:02,064][flwr][INFO] - Run finished 5 rounds in 20.47s
[2024-05-04 18:48:02,064][flwr][INFO] - History (loss, centralized):
[2024-05-04 18:48:02,064][flwr][INFO] - 	('\tround 0: 181.92052817344666\n'
[2024-05-04 18:48:02,064][flwr][INFO] - 	 '\tround 1: 181.92052817344666\n'
[2024-05-04 18:48:02,064][flwr][INFO] - 	 '\tround 2: 181.92052817344666\n'
[2024-05-04 18:48:02,064][flwr][INFO] - 	 '\tround 3: 181.92052817344666\n'
[2024-05-04 18:48:02,073][flwr][INFO] - 	 '\tround 4: 181.92052817344666\n'
[2024-05-04 18:48:02,074][flwr][INFO] - 	 '\tround 5: 181.92052817344666\n')History (metrics, centralized):
[2024-05-04 18:48:02,074][flwr][INFO] - 	{'accuracy': [(0, 0.1), (1, 0.1), (2, 0.1), (3, 0.1), (4, 0.1), (5, 0.1)]}
[2024-05-04 18:48:02,075][flwr][INFO] - 
